2023-11-22T10:42:06.802-03:00  INFO 328 --- [restartedMain] .C.G.I.ApiCalculoGradoImpactoApplication : Starting ApiCalculoGradoImpactoApplication using Java 17.0.6 with PID 328 (C:\Users\lucia\Documentos\Univ\APICalculoGradoImpacto\target\classes started by lucia in C:\Users\lucia\Documentos\Univ\APICalculoGradoImpacto)
2023-11-22T10:42:06.808-03:00  INFO 328 --- [restartedMain] .C.G.I.ApiCalculoGradoImpactoApplication : No active profile set, falling back to 1 default profile: "default"
2023-11-22T10:42:06.856-03:00  INFO 328 --- [restartedMain] .e.DevToolsPropertyDefaultsPostProcessor : Devtools property defaults active! Set 'spring.devtools.add-properties' to 'false' to disable
2023-11-22T10:42:06.857-03:00  INFO 328 --- [restartedMain] .e.DevToolsPropertyDefaultsPostProcessor : For additional web related logging consider setting the 'logging.level.web' property to 'DEBUG'
2023-11-22T10:42:07.911-03:00  INFO 328 --- [restartedMain] o.s.b.w.embedded.tomcat.TomcatWebServer  : Tomcat initialized with port(s): 52911 (http)
2023-11-22T10:42:07.921-03:00  INFO 328 --- [restartedMain] o.apache.catalina.core.StandardService   : Starting service [Tomcat]
2023-11-22T10:42:07.921-03:00  INFO 328 --- [restartedMain] o.apache.catalina.core.StandardEngine    : Starting Servlet engine: [Apache Tomcat/10.1.12]
2023-11-22T10:42:07.979-03:00  INFO 328 --- [restartedMain] o.a.c.c.C.[Tomcat].[localhost].[/]       : Initializing Spring embedded WebApplicationContext
2023-11-22T10:42:07.980-03:00  INFO 328 --- [restartedMain] w.s.c.ServletWebServerApplicationContext : Root WebApplicationContext: initialization completed in 1123 ms
2023-11-22T10:42:08.269-03:00  INFO 328 --- [restartedMain] o.s.b.d.a.OptionalLiveReloadServer       : LiveReload server is running on port 35729
2023-11-22T10:42:08.296-03:00  INFO 328 --- [restartedMain] o.s.b.w.embedded.tomcat.TomcatWebServer  : Tomcat started on port(s): 52911 (http) with context path ''
2023-11-22T10:42:08.302-03:00  INFO 328 --- [restartedMain] .C.G.I.ApiCalculoGradoImpactoApplication : Started ApiCalculoGradoImpactoApplication in 1.906 seconds (process running for 2.679)
2023-11-22T10:44:30.300-03:00  INFO 328 --- [http-nio-52911-exec-1] o.a.c.c.C.[Tomcat].[localhost].[/]       : Initializing Spring DispatcherServlet 'dispatcherServlet'
2023-11-22T10:44:30.300-03:00  INFO 328 --- [http-nio-52911-exec-1] o.s.web.servlet.DispatcherServlet        : Initializing Servlet 'dispatcherServlet'
2023-11-22T10:44:30.301-03:00  INFO 328 --- [http-nio-52911-exec-1] o.s.web.servlet.DispatcherServlet        : Completed initialization in 1 ms
2023-11-22T16:21:45.173-03:00  INFO 1612 --- [restartedMain] .C.G.I.ApiCalculoGradoImpactoApplication : Starting ApiCalculoGradoImpactoApplication using Java 17.0.6 with PID 1612 (C:\Users\lucia\Documentos\Univ\APICalculoGradoImpacto\target\classes started by lucia in C:\Users\lucia\Documentos\Univ\APICalculoGradoImpacto)
2023-11-22T16:21:45.179-03:00  INFO 1612 --- [restartedMain] .C.G.I.ApiCalculoGradoImpactoApplication : No active profile set, falling back to 1 default profile: "default"
2023-11-22T16:21:45.256-03:00  INFO 1612 --- [restartedMain] .e.DevToolsPropertyDefaultsPostProcessor : Devtools property defaults active! Set 'spring.devtools.add-properties' to 'false' to disable
2023-11-22T16:21:45.256-03:00  INFO 1612 --- [restartedMain] .e.DevToolsPropertyDefaultsPostProcessor : For additional web related logging consider setting the 'logging.level.web' property to 'DEBUG'
2023-11-22T16:21:49.069-03:00  INFO 1612 --- [restartedMain] o.s.b.w.embedded.tomcat.TomcatWebServer  : Tomcat initialized with port(s): 52911 (http)
2023-11-22T16:21:49.088-03:00  INFO 1612 --- [restartedMain] o.apache.catalina.core.StandardService   : Starting service [Tomcat]
2023-11-22T16:21:49.088-03:00  INFO 1612 --- [restartedMain] o.apache.catalina.core.StandardEngine    : Starting Servlet engine: [Apache Tomcat/10.1.12]
2023-11-22T16:21:49.282-03:00  INFO 1612 --- [restartedMain] o.a.c.c.C.[Tomcat].[localhost].[/]       : Initializing Spring embedded WebApplicationContext
2023-11-22T16:21:49.283-03:00  INFO 1612 --- [restartedMain] w.s.c.ServletWebServerApplicationContext : Root WebApplicationContext: initialization completed in 4025 ms
2023-11-22T16:21:49.993-03:00  INFO 1612 --- [restartedMain] o.s.b.d.a.OptionalLiveReloadServer       : LiveReload server is running on port 35729
2023-11-22T16:21:50.051-03:00  INFO 1612 --- [restartedMain] o.s.b.w.embedded.tomcat.TomcatWebServer  : Tomcat started on port(s): 52911 (http) with context path ''
2023-11-22T16:21:50.065-03:00  INFO 1612 --- [restartedMain] .C.G.I.ApiCalculoGradoImpactoApplication : Started ApiCalculoGradoImpactoApplication in 6.714 seconds (process running for 7.666)
2023-11-22T17:34:45.726-03:00  INFO 13584 --- [restartedMain] .C.G.I.ApiCalculoGradoImpactoApplication : Starting ApiCalculoGradoImpactoApplication using Java 17.0.6 with PID 13584 (C:\Users\lucia\Documentos\Univ\APICalculoGradoImpacto\target\classes started by lucia in C:\Users\lucia\Documentos\Univ\APICalculoGradoImpacto)
2023-11-22T17:34:45.729-03:00  INFO 13584 --- [restartedMain] .C.G.I.ApiCalculoGradoImpactoApplication : No active profile set, falling back to 1 default profile: "default"
2023-11-22T17:34:45.793-03:00  INFO 13584 --- [restartedMain] .e.DevToolsPropertyDefaultsPostProcessor : Devtools property defaults active! Set 'spring.devtools.add-properties' to 'false' to disable
2023-11-22T17:34:45.793-03:00  INFO 13584 --- [restartedMain] .e.DevToolsPropertyDefaultsPostProcessor : For additional web related logging consider setting the 'logging.level.web' property to 'DEBUG'
2023-11-22T17:34:46.909-03:00  INFO 13584 --- [restartedMain] o.s.b.w.embedded.tomcat.TomcatWebServer  : Tomcat initialized with port(s): 52911 (http)
2023-11-22T17:34:46.916-03:00  INFO 13584 --- [restartedMain] o.apache.catalina.core.StandardService   : Starting service [Tomcat]
2023-11-22T17:34:46.916-03:00  INFO 13584 --- [restartedMain] o.apache.catalina.core.StandardEngine    : Starting Servlet engine: [Apache Tomcat/10.1.12]
2023-11-22T17:34:46.972-03:00  INFO 13584 --- [restartedMain] o.a.c.c.C.[Tomcat].[localhost].[/]       : Initializing Spring embedded WebApplicationContext
2023-11-22T17:34:46.972-03:00  INFO 13584 --- [restartedMain] w.s.c.ServletWebServerApplicationContext : Root WebApplicationContext: initialization completed in 1178 ms
2023-11-22T17:34:47.248-03:00  INFO 13584 --- [restartedMain] o.s.b.d.a.OptionalLiveReloadServer       : LiveReload server is running on port 35729
2023-11-22T17:34:47.271-03:00  INFO 13584 --- [restartedMain] o.s.b.w.embedded.tomcat.TomcatWebServer  : Tomcat started on port(s): 52911 (http) with context path ''
2023-11-22T17:34:47.279-03:00  INFO 13584 --- [restartedMain] .C.G.I.ApiCalculoGradoImpactoApplication : Started ApiCalculoGradoImpactoApplication in 2.022 seconds (process running for 2.817)
2023-11-22T18:18:37.618-03:00  INFO 12600 --- [restartedMain] .C.G.I.ApiCalculoGradoImpactoApplication : Starting ApiCalculoGradoImpactoApplication using Java 17.0.6 with PID 12600 (C:\Users\lucia\Documentos\Univ\Servicio-GradoDeImpacto\target\classes started by lucia in C:\Users\lucia\Documentos\Univ\Servicio-GradoDeImpacto)
2023-11-22T18:18:37.623-03:00  INFO 12600 --- [restartedMain] .C.G.I.ApiCalculoGradoImpactoApplication : No active profile set, falling back to 1 default profile: "default"
2023-11-22T18:18:37.737-03:00  INFO 12600 --- [restartedMain] .e.DevToolsPropertyDefaultsPostProcessor : Devtools property defaults active! Set 'spring.devtools.add-properties' to 'false' to disable
2023-11-22T18:18:37.738-03:00  INFO 12600 --- [restartedMain] .e.DevToolsPropertyDefaultsPostProcessor : For additional web related logging consider setting the 'logging.level.web' property to 'DEBUG'
2023-11-22T18:18:38.809-03:00  INFO 12600 --- [restartedMain] o.s.b.w.embedded.tomcat.TomcatWebServer  : Tomcat initialized with port(s): 52911 (http)
2023-11-22T18:18:38.825-03:00  INFO 12600 --- [restartedMain] o.apache.catalina.core.StandardService   : Starting service [Tomcat]
2023-11-22T18:18:38.825-03:00  INFO 12600 --- [restartedMain] o.apache.catalina.core.StandardEngine    : Starting Servlet engine: [Apache Tomcat/10.1.12]
2023-11-22T18:18:38.880-03:00  INFO 12600 --- [restartedMain] o.a.c.c.C.[Tomcat].[localhost].[/]       : Initializing Spring embedded WebApplicationContext
2023-11-22T18:18:38.880-03:00  INFO 12600 --- [restartedMain] w.s.c.ServletWebServerApplicationContext : Root WebApplicationContext: initialization completed in 1142 ms
2023-11-22T18:18:39.211-03:00  INFO 12600 --- [restartedMain] o.s.b.d.a.OptionalLiveReloadServer       : LiveReload server is running on port 35729
2023-11-22T18:18:39.242-03:00  INFO 12600 --- [restartedMain] o.s.b.w.embedded.tomcat.TomcatWebServer  : Tomcat started on port(s): 52911 (http) with context path ''
2023-11-22T18:18:39.251-03:00  INFO 12600 --- [restartedMain] .C.G.I.ApiCalculoGradoImpactoApplication : Started ApiCalculoGradoImpactoApplication in 2.167 seconds (process running for 2.986)
2023-11-22T18:21:15.888-03:00  INFO 6716 --- [restartedMain] .C.G.I.ApiCalculoGradoImpactoApplication : Starting ApiCalculoGradoImpactoApplication using Java 17.0.6 with PID 6716 (C:\Users\lucia\Documentos\Univ\Servicio-GradoDeImpacto\target\classes started by lucia in C:\Users\lucia\Documentos\Univ\Servicio-GradoDeImpacto)
2023-11-22T18:21:15.890-03:00  INFO 6716 --- [restartedMain] .C.G.I.ApiCalculoGradoImpactoApplication : No active profile set, falling back to 1 default profile: "default"
2023-11-22T18:21:15.930-03:00  INFO 6716 --- [restartedMain] .e.DevToolsPropertyDefaultsPostProcessor : Devtools property defaults active! Set 'spring.devtools.add-properties' to 'false' to disable
2023-11-22T18:21:15.931-03:00  INFO 6716 --- [restartedMain] .e.DevToolsPropertyDefaultsPostProcessor : For additional web related logging consider setting the 'logging.level.web' property to 'DEBUG'
2023-11-22T18:21:16.806-03:00  INFO 6716 --- [restartedMain] o.s.b.w.embedded.tomcat.TomcatWebServer  : Tomcat initialized with port(s): 52911 (http)
2023-11-22T18:21:16.816-03:00  INFO 6716 --- [restartedMain] o.apache.catalina.core.StandardService   : Starting service [Tomcat]
2023-11-22T18:21:16.816-03:00  INFO 6716 --- [restartedMain] o.apache.catalina.core.StandardEngine    : Starting Servlet engine: [Apache Tomcat/10.1.12]
2023-11-22T18:21:16.873-03:00  INFO 6716 --- [restartedMain] o.a.c.c.C.[Tomcat].[localhost].[/]       : Initializing Spring embedded WebApplicationContext
2023-11-22T18:21:16.873-03:00  INFO 6716 --- [restartedMain] w.s.c.ServletWebServerApplicationContext : Root WebApplicationContext: initialization completed in 942 ms
2023-11-22T18:21:17.160-03:00  INFO 6716 --- [restartedMain] o.s.b.d.a.OptionalLiveReloadServer       : LiveReload server is running on port 35729
2023-11-22T18:21:17.193-03:00  INFO 6716 --- [restartedMain] o.s.b.w.embedded.tomcat.TomcatWebServer  : Tomcat started on port(s): 52911 (http) with context path ''
2023-11-22T18:21:17.205-03:00  INFO 6716 --- [restartedMain] .C.G.I.ApiCalculoGradoImpactoApplication : Started ApiCalculoGradoImpactoApplication in 1.682 seconds (process running for 2.279)
2023-11-26T22:55:12.229-03:00  INFO 12208 --- [restartedMain] .C.G.I.ApiCalculoGradoImpactoApplication : Starting ApiCalculoGradoImpactoApplication using Java 17.0.6 with PID 12208 (C:\Users\lucia\Documentos\Univ\Servicio-GradoDeImpacto\target\classes started by lucia in C:\Users\lucia\Documentos\Univ\Servicio-GradoDeImpacto)
2023-11-26T22:55:12.232-03:00  INFO 12208 --- [restartedMain] .C.G.I.ApiCalculoGradoImpactoApplication : No active profile set, falling back to 1 default profile: "default"
2023-11-26T22:55:12.289-03:00  INFO 12208 --- [restartedMain] .e.DevToolsPropertyDefaultsPostProcessor : Devtools property defaults active! Set 'spring.devtools.add-properties' to 'false' to disable
2023-11-26T22:55:12.289-03:00  INFO 12208 --- [restartedMain] .e.DevToolsPropertyDefaultsPostProcessor : For additional web related logging consider setting the 'logging.level.web' property to 'DEBUG'
2023-11-26T22:55:13.489-03:00  INFO 12208 --- [restartedMain] o.s.b.w.embedded.tomcat.TomcatWebServer  : Tomcat initialized with port(s): 52911 (http)
2023-11-26T22:55:13.498-03:00  INFO 12208 --- [restartedMain] o.apache.catalina.core.StandardService   : Starting service [Tomcat]
2023-11-26T22:55:13.499-03:00  INFO 12208 --- [restartedMain] o.apache.catalina.core.StandardEngine    : Starting Servlet engine: [Apache Tomcat/10.1.12]
2023-11-26T22:55:13.564-03:00  INFO 12208 --- [restartedMain] o.a.c.c.C.[Tomcat].[localhost].[/]       : Initializing Spring embedded WebApplicationContext
2023-11-26T22:55:13.564-03:00  INFO 12208 --- [restartedMain] w.s.c.ServletWebServerApplicationContext : Root WebApplicationContext: initialization completed in 1274 ms
2023-11-26T22:55:13.886-03:00  INFO 12208 --- [restartedMain] o.s.b.d.a.OptionalLiveReloadServer       : LiveReload server is running on port 35729
2023-11-26T22:55:13.915-03:00  INFO 12208 --- [restartedMain] o.s.b.w.embedded.tomcat.TomcatWebServer  : Tomcat started on port(s): 52911 (http) with context path ''
2023-11-26T22:55:13.924-03:00  INFO 12208 --- [restartedMain] .C.G.I.ApiCalculoGradoImpactoApplication : Started ApiCalculoGradoImpactoApplication in 2.164 seconds (process running for 2.94)
2023-11-26T22:55:16.120-03:00  INFO 12208 --- [http-nio-52911-exec-1] o.a.c.c.C.[Tomcat].[localhost].[/]       : Initializing Spring DispatcherServlet 'dispatcherServlet'
2023-11-26T22:55:16.121-03:00  INFO 12208 --- [http-nio-52911-exec-1] o.s.web.servlet.DispatcherServlet        : Initializing Servlet 'dispatcherServlet'
2023-11-26T22:55:16.123-03:00  INFO 12208 --- [http-nio-52911-exec-1] o.s.web.servlet.DispatcherServlet        : Completed initialization in 1 ms
2023-11-26T22:55:16.165-03:00 ERROR 12208 --- [http-nio-52911-exec-1] o.a.c.c.C.[.[.[/].[dispatcherServlet]    : Servlet.service() for servlet [dispatcherServlet] in context with path [] threw exception [Handler dispatch failed: java.lang.NoClassDefFoundError: com/grupo15/API/Calculo/Grado/Impacto/RepositorioResultados] with root cause

java.lang.ClassNotFoundException: com.grupo15.API.Calculo.Grado.Impacto.RepositorioResultados
	at java.base/jdk.internal.loader.BuiltinClassLoader.loadClass(BuiltinClassLoader.java:641) ~[na:na]
	at java.base/jdk.internal.loader.ClassLoaders$AppClassLoader.loadClass(ClassLoaders.java:188) ~[na:na]
	at java.base/java.lang.ClassLoader.loadClass(ClassLoader.java:520) ~[na:na]
	at java.base/java.lang.Class.forName0(Native Method) ~[na:na]
	at java.base/java.lang.Class.forName(Class.java:467) ~[na:na]
	at org.springframework.boot.devtools.restart.classloader.RestartClassLoader.loadClass(RestartClassLoader.java:121) ~[spring-boot-devtools-3.1.3.jar:3.1.3]
	at java.base/java.lang.ClassLoader.loadClass(ClassLoader.java:520) ~[na:na]
	at com.grupo15.API.Calculo.Grado.Impacto.GradoImpactoController.calculateImpactGet(GradoImpactoController.java:19) ~[classes/:na]
	at java.base/jdk.internal.reflect.NativeMethodAccessorImpl.invoke0(Native Method) ~[na:na]
	at java.base/jdk.internal.reflect.NativeMethodAccessorImpl.invoke(NativeMethodAccessorImpl.java:77) ~[na:na]
	at java.base/jdk.internal.reflect.DelegatingMethodAccessorImpl.invoke(DelegatingMethodAccessorImpl.java:43) ~[na:na]
	at java.base/java.lang.reflect.Method.invoke(Method.java:568) ~[na:na]
	at org.springframework.web.method.support.InvocableHandlerMethod.doInvoke(InvocableHandlerMethod.java:205) ~[spring-web-6.0.11.jar:6.0.11]
	at org.springframework.web.method.support.InvocableHandlerMethod.invokeForRequest(InvocableHandlerMethod.java:150) ~[spring-web-6.0.11.jar:6.0.11]
	at org.springframework.web.servlet.mvc.method.annotation.ServletInvocableHandlerMethod.invokeAndHandle(ServletInvocableHandlerMethod.java:118) ~[spring-webmvc-6.0.11.jar:6.0.11]
	at org.springframework.web.servlet.mvc.method.annotation.RequestMappingHandlerAdapter.invokeHandlerMethod(RequestMappingHandlerAdapter.java:884) ~[spring-webmvc-6.0.11.jar:6.0.11]
	at org.springframework.web.servlet.mvc.method.annotation.RequestMappingHandlerAdapter.handleInternal(RequestMappingHandlerAdapter.java:797) ~[spring-webmvc-6.0.11.jar:6.0.11]
	at org.springframework.web.servlet.mvc.method.AbstractHandlerMethodAdapter.handle(AbstractHandlerMethodAdapter.java:87) ~[spring-webmvc-6.0.11.jar:6.0.11]
	at org.springframework.web.servlet.DispatcherServlet.doDispatch(DispatcherServlet.java:1081) ~[spring-webmvc-6.0.11.jar:6.0.11]
	at org.springframework.web.servlet.DispatcherServlet.doService(DispatcherServlet.java:974) ~[spring-webmvc-6.0.11.jar:6.0.11]
	at org.springframework.web.servlet.FrameworkServlet.processRequest(FrameworkServlet.java:1011) ~[spring-webmvc-6.0.11.jar:6.0.11]
	at org.springframework.web.servlet.FrameworkServlet.doGet(FrameworkServlet.java:903) ~[spring-webmvc-6.0.11.jar:6.0.11]
	at jakarta.servlet.http.HttpServlet.service(HttpServlet.java:564) ~[tomcat-embed-core-10.1.12.jar:6.0]
	at org.springframework.web.servlet.FrameworkServlet.service(FrameworkServlet.java:885) ~[spring-webmvc-6.0.11.jar:6.0.11]
	at jakarta.servlet.http.HttpServlet.service(HttpServlet.java:658) ~[tomcat-embed-core-10.1.12.jar:6.0]
	at org.apache.catalina.core.ApplicationFilterChain.internalDoFilter(ApplicationFilterChain.java:205) ~[tomcat-embed-core-10.1.12.jar:10.1.12]
	at org.apache.catalina.core.ApplicationFilterChain.doFilter(ApplicationFilterChain.java:149) ~[tomcat-embed-core-10.1.12.jar:10.1.12]
	at org.apache.tomcat.websocket.server.WsFilter.doFilter(WsFilter.java:51) ~[tomcat-embed-websocket-10.1.12.jar:10.1.12]
	at org.apache.catalina.core.ApplicationFilterChain.internalDoFilter(ApplicationFilterChain.java:174) ~[tomcat-embed-core-10.1.12.jar:10.1.12]
	at org.apache.catalina.core.ApplicationFilterChain.doFilter(ApplicationFilterChain.java:149) ~[tomcat-embed-core-10.1.12.jar:10.1.12]
	at org.springframework.web.filter.RequestContextFilter.doFilterInternal(RequestContextFilter.java:100) ~[spring-web-6.0.11.jar:6.0.11]
	at org.springframework.web.filter.OncePerRequestFilter.doFilter(OncePerRequestFilter.java:116) ~[spring-web-6.0.11.jar:6.0.11]
	at org.apache.catalina.core.ApplicationFilterChain.internalDoFilter(ApplicationFilterChain.java:174) ~[tomcat-embed-core-10.1.12.jar:10.1.12]
	at org.apache.catalina.core.ApplicationFilterChain.doFilter(ApplicationFilterChain.java:149) ~[tomcat-embed-core-10.1.12.jar:10.1.12]
	at org.springframework.web.filter.FormContentFilter.doFilterInternal(FormContentFilter.java:93) ~[spring-web-6.0.11.jar:6.0.11]
	at org.springframework.web.filter.OncePerRequestFilter.doFilter(OncePerRequestFilter.java:116) ~[spring-web-6.0.11.jar:6.0.11]
	at org.apache.catalina.core.ApplicationFilterChain.internalDoFilter(ApplicationFilterChain.java:174) ~[tomcat-embed-core-10.1.12.jar:10.1.12]
	at org.apache.catalina.core.ApplicationFilterChain.doFilter(ApplicationFilterChain.java:149) ~[tomcat-embed-core-10.1.12.jar:10.1.12]
	at org.springframework.web.filter.CharacterEncodingFilter.doFilterInternal(CharacterEncodingFilter.java:201) ~[spring-web-6.0.11.jar:6.0.11]
	at org.springframework.web.filter.OncePerRequestFilter.doFilter(OncePerRequestFilter.java:116) ~[spring-web-6.0.11.jar:6.0.11]
	at org.apache.catalina.core.ApplicationFilterChain.internalDoFilter(ApplicationFilterChain.java:174) ~[tomcat-embed-core-10.1.12.jar:10.1.12]
	at org.apache.catalina.core.ApplicationFilterChain.doFilter(ApplicationFilterChain.java:149) ~[tomcat-embed-core-10.1.12.jar:10.1.12]
	at org.apache.catalina.core.StandardWrapperValve.invoke(StandardWrapperValve.java:166) ~[tomcat-embed-core-10.1.12.jar:10.1.12]
	at org.apache.catalina.core.StandardContextValve.invoke(StandardContextValve.java:90) ~[tomcat-embed-core-10.1.12.jar:10.1.12]
	at org.apache.catalina.authenticator.AuthenticatorBase.invoke(AuthenticatorBase.java:482) ~[tomcat-embed-core-10.1.12.jar:10.1.12]
	at org.apache.catalina.core.StandardHostValve.invoke(StandardHostValve.java:115) ~[tomcat-embed-core-10.1.12.jar:10.1.12]
	at org.apache.catalina.valves.ErrorReportValve.invoke(ErrorReportValve.java:93) ~[tomcat-embed-core-10.1.12.jar:10.1.12]
	at org.apache.catalina.core.StandardEngineValve.invoke(StandardEngineValve.java:74) ~[tomcat-embed-core-10.1.12.jar:10.1.12]
	at org.apache.catalina.connector.CoyoteAdapter.service(CoyoteAdapter.java:341) ~[tomcat-embed-core-10.1.12.jar:10.1.12]
	at org.apache.coyote.http11.Http11Processor.service(Http11Processor.java:391) ~[tomcat-embed-core-10.1.12.jar:10.1.12]
	at org.apache.coyote.AbstractProcessorLight.process(AbstractProcessorLight.java:63) ~[tomcat-embed-core-10.1.12.jar:10.1.12]
	at org.apache.coyote.AbstractProtocol$ConnectionHandler.process(AbstractProtocol.java:894) ~[tomcat-embed-core-10.1.12.jar:10.1.12]
	at org.apache.tomcat.util.net.NioEndpoint$SocketProcessor.doRun(NioEndpoint.java:1740) ~[tomcat-embed-core-10.1.12.jar:10.1.12]
	at org.apache.tomcat.util.net.SocketProcessorBase.run(SocketProcessorBase.java:52) ~[tomcat-embed-core-10.1.12.jar:10.1.12]
	at org.apache.tomcat.util.threads.ThreadPoolExecutor.runWorker(ThreadPoolExecutor.java:1191) ~[tomcat-embed-core-10.1.12.jar:10.1.12]
	at org.apache.tomcat.util.threads.ThreadPoolExecutor$Worker.run(ThreadPoolExecutor.java:659) ~[tomcat-embed-core-10.1.12.jar:10.1.12]
	at org.apache.tomcat.util.threads.TaskThread$WrappingRunnable.run(TaskThread.java:61) ~[tomcat-embed-core-10.1.12.jar:10.1.12]
	at java.base/java.lang.Thread.run(Thread.java:833) ~[na:na]

2023-11-26T22:55:16.300-03:00  INFO 12208 --- [File Watcher] rtingClassPathChangeChangedEventListener : Restarting due to 8 class path changes (0 additions, 7 deletions, 1 modification)
2023-11-26T22:55:16.312-03:00  INFO 12208 --- [Thread-5] o.apache.catalina.core.StandardService   : Stopping service [Tomcat]
2023-11-26T22:55:16.314-03:00  INFO 12208 --- [Thread-5] o.a.c.c.C.[Tomcat].[localhost].[/]       : Destroying Spring FrameworkServlet 'dispatcherServlet'
2023-11-26T22:55:16.448-03:00  INFO 12208 --- [restartedMain] .C.G.I.ApiCalculoGradoImpactoApplication : Starting ApiCalculoGradoImpactoApplication using Java 17.0.6 with PID 12208 (C:\Users\lucia\Documentos\Univ\Servicio-GradoDeImpacto\target\classes started by lucia in C:\Users\lucia\Documentos\Univ\Servicio-GradoDeImpacto)
2023-11-26T22:55:16.449-03:00  INFO 12208 --- [restartedMain] .C.G.I.ApiCalculoGradoImpactoApplication : No active profile set, falling back to 1 default profile: "default"
2023-11-26T22:55:16.810-03:00  INFO 12208 --- [restartedMain] o.s.b.w.embedded.tomcat.TomcatWebServer  : Tomcat initialized with port(s): 52911 (http)
2023-11-26T22:55:16.811-03:00  INFO 12208 --- [restartedMain] o.apache.catalina.core.StandardService   : Starting service [Tomcat]
2023-11-26T22:55:16.811-03:00  INFO 12208 --- [restartedMain] o.apache.catalina.core.StandardEngine    : Starting Servlet engine: [Apache Tomcat/10.1.12]
2023-11-26T22:55:16.834-03:00  INFO 12208 --- [restartedMain] o.a.c.c.C.[Tomcat].[localhost].[/]       : Initializing Spring embedded WebApplicationContext
2023-11-26T22:55:16.834-03:00  INFO 12208 --- [restartedMain] w.s.c.ServletWebServerApplicationContext : Root WebApplicationContext: initialization completed in 381 ms
2023-11-26T22:55:16.942-03:00  INFO 12208 --- [restartedMain] o.s.b.d.a.OptionalLiveReloadServer       : LiveReload server is running on port 35729
2023-11-26T22:55:16.954-03:00  INFO 12208 --- [restartedMain] o.s.b.w.embedded.tomcat.TomcatWebServer  : Tomcat started on port(s): 52911 (http) with context path ''
2023-11-26T22:55:16.959-03:00  INFO 12208 --- [restartedMain] .C.G.I.ApiCalculoGradoImpactoApplication : Started ApiCalculoGradoImpactoApplication in 0.58 seconds (process running for 5.975)
2023-11-26T22:55:16.962-03:00  INFO 12208 --- [restartedMain] .ConditionEvaluationDeltaLoggingListener : Condition evaluation unchanged
2023-11-26T22:55:19.221-03:00  INFO 12208 --- [http-nio-52911-exec-2] o.a.c.c.C.[Tomcat].[localhost].[/]       : Initializing Spring DispatcherServlet 'dispatcherServlet'
2023-11-26T22:55:19.221-03:00  INFO 12208 --- [http-nio-52911-exec-2] o.s.web.servlet.DispatcherServlet        : Initializing Servlet 'dispatcherServlet'
2023-11-26T22:55:19.222-03:00  INFO 12208 --- [http-nio-52911-exec-2] o.s.web.servlet.DispatcherServlet        : Completed initialization in 1 ms
2023-11-26T22:55:19.361-03:00  INFO 12208 --- [File Watcher] rtingClassPathChangeChangedEventListener : Restarting due to 7 class path changes (7 additions, 0 deletions, 0 modifications)
2023-11-26T22:55:19.368-03:00  INFO 12208 --- [Thread-7] o.apache.catalina.core.StandardService   : Stopping service [Tomcat]
2023-11-26T22:55:19.368-03:00  INFO 12208 --- [Thread-7] o.a.c.c.C.[Tomcat].[localhost].[/]       : Destroying Spring FrameworkServlet 'dispatcherServlet'
2023-11-26T22:55:19.448-03:00  INFO 12208 --- [restartedMain] .C.G.I.ApiCalculoGradoImpactoApplication : Starting ApiCalculoGradoImpactoApplication using Java 17.0.6 with PID 12208 (C:\Users\lucia\Documentos\Univ\Servicio-GradoDeImpacto\target\classes started by lucia in C:\Users\lucia\Documentos\Univ\Servicio-GradoDeImpacto)
2023-11-26T22:55:19.448-03:00  INFO 12208 --- [restartedMain] .C.G.I.ApiCalculoGradoImpactoApplication : No active profile set, falling back to 1 default profile: "default"
2023-11-26T22:55:19.681-03:00  INFO 12208 --- [restartedMain] o.s.b.w.embedded.tomcat.TomcatWebServer  : Tomcat initialized with port(s): 52911 (http)
2023-11-26T22:55:19.683-03:00  INFO 12208 --- [restartedMain] o.apache.catalina.core.StandardService   : Starting service [Tomcat]
2023-11-26T22:55:19.683-03:00  INFO 12208 --- [restartedMain] o.apache.catalina.core.StandardEngine    : Starting Servlet engine: [Apache Tomcat/10.1.12]
2023-11-26T22:55:19.705-03:00  INFO 12208 --- [restartedMain] o.a.c.c.C.[Tomcat].[localhost].[/]       : Initializing Spring embedded WebApplicationContext
2023-11-26T22:55:19.705-03:00  INFO 12208 --- [restartedMain] w.s.c.ServletWebServerApplicationContext : Root WebApplicationContext: initialization completed in 254 ms
2023-11-26T22:55:19.795-03:00  INFO 12208 --- [restartedMain] o.s.b.d.a.OptionalLiveReloadServer       : LiveReload server is running on port 35729
2023-11-26T22:55:19.805-03:00  INFO 12208 --- [restartedMain] o.s.b.w.embedded.tomcat.TomcatWebServer  : Tomcat started on port(s): 52911 (http) with context path ''
2023-11-26T22:55:19.810-03:00  INFO 12208 --- [restartedMain] .C.G.I.ApiCalculoGradoImpactoApplication : Started ApiCalculoGradoImpactoApplication in 0.395 seconds (process running for 8.826)
2023-11-26T22:55:19.812-03:00  INFO 12208 --- [restartedMain] .ConditionEvaluationDeltaLoggingListener : Condition evaluation unchanged
2023-11-26T22:55:45.371-03:00  INFO 12208 --- [http-nio-52911-exec-2] o.a.c.c.C.[Tomcat].[localhost].[/]       : Initializing Spring DispatcherServlet 'dispatcherServlet'
2023-11-26T22:55:45.372-03:00  INFO 12208 --- [http-nio-52911-exec-2] o.s.web.servlet.DispatcherServlet        : Initializing Servlet 'dispatcherServlet'
2023-11-26T22:55:45.373-03:00  INFO 12208 --- [http-nio-52911-exec-2] o.s.web.servlet.DispatcherServlet        : Completed initialization in 1 ms
